0 info it worked if it ends with ok
1 verbose cli [ '/usr/local/bin/node',
1 verbose cli   '/usr/local/bin/npm',
1 verbose cli   'run',
1 verbose cli   'watch-sass' ]
2 info using npm@3.10.10
3 info using node@v6.10.3
4 verbose run-script [ 'prewatch-sass', 'watch-sass', 'postwatch-sass' ]
5 info lifecycle goita-online@0.3.0~prewatch-sass: goita-online@0.3.0
6 silly lifecycle goita-online@0.3.0~prewatch-sass: no script for prewatch-sass, continuing
7 info lifecycle goita-online@0.3.0~watch-sass: goita-online@0.3.0
8 verbose lifecycle goita-online@0.3.0~watch-sass: unsafe-perm in lifecycle true
9 verbose lifecycle goita-online@0.3.0~watch-sass: PATH: /usr/local/lib/node_modules/npm/bin/node-gyp-bin:/home/node/goita-online/node_modules/.bin:/home/node/goita-online/node_modules/.bin:/home/node/.config/yarn/link/node_modules/.bin:/home/node/goita-online/node_modules/.bin:/home/node/.config/yarn/link/node_modules/.bin:/usr/local/bin:/usr/local/lib/node_modules/npm/bin/node-gyp-bin:/usr/local/bin/node_modules/npm/bin/node-gyp-bin:/usr/local/sbin:/usr/local/bin:/usr/sbin:/usr/bin:/sbin:/bin
10 verbose lifecycle goita-online@0.3.0~watch-sass: CWD: /home/node/goita-online
11 silly lifecycle goita-online@0.3.0~watch-sass: Args: [ '-c',
11 silly lifecycle   'node-sass -w src/public/css/main.scss dist/public/css/main.css' ]
12 silly lifecycle goita-online@0.3.0~watch-sass: Returned: code: 1  signal: null
13 info lifecycle goita-online@0.3.0~watch-sass: Failed to exec watch-sass script
14 verbose stack Error: goita-online@0.3.0 watch-sass: `node-sass -w src/public/css/main.scss dist/public/css/main.css`
14 verbose stack Exit status 1
14 verbose stack     at EventEmitter.<anonymous> (/usr/local/lib/node_modules/npm/lib/utils/lifecycle.js:255:16)
14 verbose stack     at emitTwo (events.js:106:13)
14 verbose stack     at EventEmitter.emit (events.js:191:7)
14 verbose stack     at ChildProcess.<anonymous> (/usr/local/lib/node_modules/npm/lib/utils/spawn.js:40:14)
14 verbose stack     at emitTwo (events.js:106:13)
14 verbose stack     at ChildProcess.emit (events.js:191:7)
14 verbose stack     at maybeClose (internal/child_process.js:886:16)
14 verbose stack     at Process.ChildProcess._handle.onexit (internal/child_process.js:226:5)
15 verbose pkgid goita-online@0.3.0
16 verbose cwd /home/node/goita-online
17 error Linux 4.8.0-42-generic
18 error argv "/usr/local/bin/node" "/usr/local/bin/npm" "run" "watch-sass"
19 error node v6.10.3
20 error npm  v3.10.10
21 error code ELIFECYCLE
22 error goita-online@0.3.0 watch-sass: `node-sass -w src/public/css/main.scss dist/public/css/main.css`
22 error Exit status 1
23 error Failed at the goita-online@0.3.0 watch-sass script 'node-sass -w src/public/css/main.scss dist/public/css/main.css'.
23 error Make sure you have the latest version of node.js and npm installed.
23 error If you do, this is most likely a problem with the goita-online package,
23 error not with npm itself.
23 error Tell the author that this fails on your system:
23 error     node-sass -w src/public/css/main.scss dist/public/css/main.css
23 error You can get information on how to open an issue for this project with:
23 error     npm bugs goita-online
23 error Or if that isn't available, you can get their info via:
23 error     npm owner ls goita-online
23 error There is likely additional logging output above.
24 verbose exit [ 1, true ]
